<?xml version="1.0" encoding="UTF-8"?>
<!-- Generated by org.testng.reporters.JUnitReportReporter -->
<testsuite skipped="0" hostname="ip-10-207-202-92.ec2.internal" name="com.owners.Sanity.SanitySuite" tests="1" failures="0" timestamp="28 Dec 2017 10:59:09 GMT" time="110.686" errors="0">
  <testcase name="SearchFilterValidation" time="110.686" classname="com.owners.Sanity.SanitySuite"/>
</testsuite> <!-- com.owners.Sanity.SanitySuite -->
