<?xml version="1.0" encoding="UTF-8"?>
<!-- Generated by org.testng.reporters.JUnitReportReporter -->
<testsuite skipped="0" hostname="ip-10-207-202-92.ec2.internal" name="com.owners.PDP.PDP_Automation" tests="5" failures="0" timestamp="27 Dec 2017 12:39:22 GMT" time="80.063" errors="0">
  <testcase name="verifySchoolSection" time="39.614" classname="com.owners.PDP.PDP_Automation"/>
  <testcase name="verifyToolTipDetails" time="5.828" classname="com.owners.PDP.PDP_Automation"/>
  <testcase name="verifyAssignedSchool" time="0.741" classname="com.owners.PDP.PDP_Automation"/>
  <testcase name="verifyViewAllSchools" time="22.020" classname="com.owners.PDP.PDP_Automation"/>
  <testcase name="verifySchoolDataSource" time="11.860" classname="com.owners.PDP.PDP_Automation"/>
</testsuite> <!-- com.owners.PDP.PDP_Automation -->
